  main.cpp
C:\Users\xcwal\source\repos\Blockchain\Blockchain\Libs\LaBCry\LaBCry.h(5,10): warning C4067: unexpected tokens following preprocessor directive - expected a newline
C:\Users\xcwal\source\repos\Blockchain\Blockchain\Libs\LaBCry\LaBCry.h(6,10): warning C4067: unexpected tokens following preprocessor directive - expected a newline
C:\Users\xcwal\source\repos\Blockchain\Blockchain\Libs\LaBCry\LaBCry.h(7,10): warning C4067: unexpected tokens following preprocessor directive - expected a newline
C:\Users\xcwal\source\repos\Blockchain\Blockchain\Libs\LaBCry\LaBCry.h(8,10): warning C4067: unexpected tokens following preprocessor directive - expected a newline
C:\Users\xcwal\source\repos\Blockchain\Blockchain\Libs\LaBCry\LaBCry.h(9,10): warning C4067: unexpected tokens following preprocessor directive - expected a newline
C:\Users\xcwal\source\repos\Blockchain\Blockchain\Libs\LaBCry\LaBCry.h(10,10): warning C4067: unexpected tokens following preprocessor directive - expected a newline
C:\Users\xcwal\source\repos\Blockchain\Blockchain\MatrixNxM.h(65,1): warning C4267: 'argument': conversion from 'size_t' to 'unsigned int', possible loss of data
C:\Users\xcwal\source\repos\Blockchain\Blockchain\MatrixNxM.h(66,1): warning C4267: 'argument': conversion from 'size_t' to 'int32_t', possible loss of data
C:\Users\xcwal\source\repos\Blockchain\Blockchain\SystemSolver.h(9,1): warning C4267: 'initializing': conversion from 'size_t' to 'int', possible loss of data
  LaBCry.lib(KeyPair.obj) : MSIL .netmodule or module compiled with /GL found; restarting link with /LTCG; add /LTCG to the link command line to improve linker performance
LINK : warning LNK4075: ignoring '/INCREMENTAL' due to '/LTCG' specification
LaBCry.lib(KeyPair.obj) : error LNK2038: mismatch detected for '_ITERATOR_DEBUG_LEVEL': value '0' doesn't match value '2' in Block.obj
LaBCry.lib(KeyPair.obj) : error LNK2038: mismatch detected for 'RuntimeLibrary': value 'MD_DynamicRelease' doesn't match value 'MDd_DynamicDebug' in Block.obj
LaBCry.lib(PublicKey.obj) : error LNK2038: mismatch detected for '_ITERATOR_DEBUG_LEVEL': value '0' doesn't match value '2' in Block.obj
LaBCry.lib(PublicKey.obj) : error LNK2038: mismatch detected for 'RuntimeLibrary': value 'MD_DynamicRelease' doesn't match value 'MDd_DynamicDebug' in Block.obj
LaBCry.lib(PrivateKey.obj) : error LNK2038: mismatch detected for '_ITERATOR_DEBUG_LEVEL': value '0' doesn't match value '2' in Block.obj
LaBCry.lib(PrivateKey.obj) : error LNK2038: mismatch detected for 'RuntimeLibrary': value 'MD_DynamicRelease' doesn't match value 'MDd_DynamicDebug' in Block.obj
LINK : warning LNK4098: defaultlib 'MSVCRT' conflicts with use of other libs; use /NODEFAULTLIB:library
C:\Users\xcwal\source\repos\Blockchain\x64\Debug\Blockchain.exe : fatal error LNK1319: 6 mismatches detected
